{"foo":"bar","level":"info","message":"Hello created log files!","timestamp":"2017-07-10T10:33:51.690Z"}
{"foo":"bar","level":"info","message":"This is an information message.","timestamp":"2017-07-10T10:33:51.705Z"}
{"foo":"bar","level":"info","message":"Hello created log files!","timestamp":"2017-07-10T10:34:59.294Z"}
{"foo":"bar","level":"info","message":"This is an information message.","timestamp":"2017-07-10T10:34:59.310Z"}
{"foo":"bar","level":"info","message":"Hello created log files!","timestamp":"2017-07-10T10:37:01.664Z"}
{"foo":"bar","level":"info","message":"This is an information message.","timestamp":"2017-07-10T10:37:01.679Z"}
{"foo":"bar","level":"info","message":"Hello created log files!","timestamp":"2017-07-10T10:40:51.779Z"}
{"foo":"bar","level":"info","message":"This is an information message.","timestamp":"2017-07-10T10:40:51.779Z"}
{"foo":"bar","level":"info","message":"Hello created log files!","timestamp":"2017-07-10T10:41:22.789Z"}
{"foo":"bar","level":"info","message":"This is an information message.","timestamp":"2017-07-10T10:41:22.789Z"}
{"foo":"bar","level":"info","message":"This is an information message.","timestamp":"2017-07-10T10:44:06.001Z"}
{"msg":{"from":"client1","port":"8082"},"level":"info","message":"Hello created log files!","timestamp":"2017-07-10T10:46:38.443Z"}
{"msg":{"from":"client1","port":"8082"},"level":"info","message":"Hello created log files!","timestamp":"2017-07-10T10:46:42.661Z"}
{"msg":{"from":"client1","port":"8082"},"level":"info","message":"Hello created log files!","timestamp":"2017-07-10T10:55:15.899Z"}
{"msg":{"from":"client1","port":"8082"},"level":"info","message":"Hello created log files!","timestamp":"2017-07-10T10:55:32.116Z"}
{"msg":{"from":"client1","port":"8082"},"level":"info","message":"Hello created log files!","timestamp":"2017-07-10T10:57:37.491Z"}
{"msg":{"from":"client1","port":"8082"},"level":"info","message":"Hello created log files!","timestamp":"2017-07-10T10:57:57.333Z"}
{"msg":{"from":"client1","port":"8082"},"level":"info","message":"Hello created log files!","timestamp":"2017-07-10T10:59:32.137Z"}
{"msg":{"from":"client1","port":"8082"},"level":"info","message":"Hello created log files!","timestamp":"2017-07-10T10:59:46.591Z"}
{"msg":{"from":"client1","port":"8082"},"level":"info","message":"Hello created log files!","timestamp":"2017-07-10T11:02:30.103Z"}
{"msg":{"from":"client1","port":"8082"},"level":"info","message":"Hello created log files!","timestamp":"2017-07-10T11:04:20.161Z"}
{"msg":{"from":"client1","port":"8082"},"level":"info","message":"Hello created log files!","timestamp":"2017-07-10T11:11:24.952Z"}
{"msg":{"from":"client1","port":"8082"},"level":"info","message":"Hello created log files!","timestamp":"2017-07-10T11:11:29.633Z"}
{"msg":{"from":"client1","port":"8082"},"level":"info","message":"Hello created log files!","timestamp":"2017-07-10T11:12:56.050Z"}
{"msg":{"from":"client1","port":"8082"},"level":"info","message":"Hello created log files!","timestamp":"2017-07-10T11:17:14.342Z"}
{"msg":{"from":"client1","port":"8082"},"level":"info","message":"Hello created log files!","timestamp":"2017-07-10T11:19:01.933Z"}
{"msg":{"from":"client1","port":"8082"},"level":"info","message":"Hello created log files!","timestamp":"2017-07-10T11:22:38.002Z"}
{"msg":{"from":"client1","port":"8082"},"level":"info","message":"Hello created log files!","timestamp":"2017-07-10T11:23:54.923Z"}
{"msg":{"from":"client1","port":"8082"},"level":"info","message":"Hello created log files!","timestamp":"2017-07-10T11:26:15.265Z"}
{"msg":{"from":"client1","port":"8082"},"level":"info","message":"Hello created log files!","timestamp":"2017-07-10T11:34:40.282Z"}
{"msg":{"from":"client1","port":"8082"},"level":"info","message":"Hello created log files!","timestamp":"2017-07-10T11:34:55.582Z"}
{"msg":{"from":"client1","port":"8082"},"level":"info","message":"Hello created log files!","timestamp":"2017-07-10T11:35:09.458Z"}
{"msg":{"from":"client1","port":"8082"},"level":"info","message":"Hello created log files!","timestamp":"2017-07-10T11:38:52.145Z"}
{"msg":{"userId":444555,"nameId":3333},"level":"info","message":"Receive from client3 to server","timestamp":"2017-07-10T11:40:04.508Z"}
{"msg":{"userId":444555,"nameId":3333},"level":"info","message":"Receive from client3 to server","timestamp":"2017-07-10T11:41:31.704Z"}
{"msg":{"userId":444555,"nameId":3333},"level":"info","message":"Receive from client3 to server","timestamp":"2017-07-10T11:41:38.312Z"}
{"msg":{"from":"client1","port":"8082"},"level":"info","message":"Hello created log files!","timestamp":"2017-07-10T11:41:44.614Z"}
{"msg":{"userId":444555,"nameId":3333},"level":"info","message":"Receive from client3 to server","timestamp":"2017-07-10T11:41:49.575Z"}
{"msg":{"from":"client1","port":"8082"},"level":"info","message":"Hello created log files!","timestamp":"2017-07-10T11:42:01.981Z"}
{"msg":{"userId":444555,"nameId":3333},"level":"info","message":"Receive from client3 to server","timestamp":"2017-07-11T10:39:52.506Z"}
{"msg":{"from":"client1","port":"8082"},"level":"info","message":"Hello created log files!","timestamp":"2017-07-11T10:39:53.068Z"}
{"msg":{"userId":444555,"nameId":3333},"level":"info","message":"Receive from client3 to server","timestamp":"2017-07-11T10:40:29.724Z"}
{"msg":{"userId":444555,"nameId":3333},"level":"info","message":"Receive from client3 to server","timestamp":"2017-07-11T10:40:34.725Z"}
{"msg":{"userId":444555,"nameId":3333},"level":"info","message":"Receive from client3 to server","timestamp":"2017-07-11T10:42:03.462Z"}
{"msg":{"userId":444555,"nameId":3333},"level":"info","message":"Receive from client3 to server","timestamp":"2017-07-11T10:42:09.410Z"}
{"msg":{"userId":444555,"nameId":3333},"level":"info","message":"Receive from client3 to server","timestamp":"2017-07-11T10:43:11.341Z"}
{"msg":{"userId":444555,"nameId":3333},"level":"info","message":"Receive from client3 to server","timestamp":"2017-07-11T10:43:37.231Z"}
{"msg":{"userId":444555,"nameId":3333},"level":"info","message":"Receive from client3 to server","timestamp":"2017-07-11T10:43:42.704Z"}
{"msg":{"userId":444555,"nameId":3333},"level":"info","message":"Receive from client3 to server","timestamp":"2017-07-11T10:45:57.917Z"}
{"msg":{"from":"client1","port":"8082"},"level":"info","message":"Hello created log files!","timestamp":"2017-07-11T11:20:33.968Z"}
{"msg":{"userId":444555,"nameId":3333},"level":"info","message":"Receive from client3 to server","timestamp":"2017-07-11T11:20:43.787Z"}
{"msg":{"userId":444555,"nameId":3333},"level":"info","message":"Receive from client3 to server","timestamp":"2017-07-11T11:21:23.938Z"}
{"msg":{"from":"client1","port":"8082"},"level":"info","message":"Hello created log files!","timestamp":"2017-07-11T11:21:26.892Z"}
{"msg":{"userId":444555,"nameId":3333},"level":"info","message":"Receive from client3 to server","timestamp":"2017-07-11T11:21:35.141Z"}
{"msg":{"userId":444555,"nameId":3333},"level":"info","message":"Receive from client3 to server","timestamp":"2017-07-11T11:21:39.995Z"}
{"msg":{"userId":444555,"nameId":3333},"level":"info","message":"Receive from client3 to server","timestamp":"2017-07-11T11:21:46.742Z"}
{"msg":{"userId":444555,"nameId":3333},"level":"info","message":"Receive from client3 to server","timestamp":"2017-07-11T11:22:01.384Z"}
{"msg":{"from":"client1","port":"8082"},"level":"info","message":"Hello created log files!","timestamp":"2017-07-11T11:22:04.647Z"}
{"msg":{"from":"client1","port":"8082"},"level":"info","message":"Hello created log files!","timestamp":"2017-07-11T11:27:42.087Z"}
{"msg":{"userId":444555,"nameId":3333},"level":"info","message":"Receive from client3 to server","timestamp":"2017-07-11T11:27:46.357Z"}
{"msg":{"from":"client1","port":"8082"},"level":"info","message":"Hello created log files!","timestamp":"2017-07-11T11:28:40.778Z"}
{"msg":{"userId":444555,"nameId":3333},"level":"info","message":"Receive from client3 to server","timestamp":"2017-07-11T11:28:45.594Z"}
{"msg":{"userId":444555,"nameId":3333},"level":"info","message":"Receive from client3 to server","timestamp":"2017-07-11T11:28:52.212Z"}
{"msg":{"from":"client1","port":"8082"},"level":"info","message":"Hello created log files!","timestamp":"2017-07-11T11:29:00.058Z"}
{"msg":{"from":"client1","port":"8082"},"level":"info","message":"Hello created log files!","timestamp":"2017-07-11T11:29:04.142Z"}
{"msg":{"userId":444555,"nameId":3333},"level":"info","message":"Receive from client3 to server","timestamp":"2017-07-11T11:29:13.559Z"}
{"msg":{"userId":444555,"nameId":3333},"level":"info","message":"Receive from client3 to server","timestamp":"2017-07-11T11:29:24.409Z"}
{"msg":{"userId":444555,"nameId":3333},"level":"info","message":"Receive from client3 to server","timestamp":"2017-07-11T11:29:28.798Z"}
{"msg":{"from":"client1","port":"8082"},"level":"info","message":"Hello created log files!","timestamp":"2017-07-11T11:29:32.014Z"}
{"msg":{"userId":444555,"nameId":3333},"level":"info","message":"Receive from client3 to server","timestamp":"2017-07-11T11:31:31.560Z"}
{"msg":{"userId":444555,"nameId":3333},"level":"info","message":"Receive from client3 to server","timestamp":"2017-07-11T11:31:39.277Z"}
{"msg":{"userId":444555,"nameId":3333},"level":"info","message":"Receive from client3 to server","timestamp":"2017-07-11T11:33:25.364Z"}
{"msg":{"userId":444555,"nameId":3333},"level":"info","message":"Receive from client3 to server","timestamp":"2017-07-11T11:33:54.031Z"}
{"msg":{"userId":444555,"nameId":3333},"level":"info","message":"Receive from client3 to server","timestamp":"2017-07-11T11:34:53.262Z"}
{"msg":{"userId":444555,"nameId":3333},"level":"info","message":"Receive from client3 to server","timestamp":"2017-07-11T11:36:10.897Z"}
{"msg":{"userId":444555,"nameId":3333},"level":"info","message":"Receive from client3 to server","timestamp":"2017-07-11T11:36:48.755Z"}
{"msg":{"userId":444,"nameId":555},"level":"info","message":"Receive from client3 to server","timestamp":"2017-07-11T11:46:14.573Z"}
{"msg":{"userId":444,"nameId":555},"level":"info","message":"Receive from client3 to server","timestamp":"2017-07-11T11:47:34.073Z"}
{"msg":{"userId":444,"nameId":555},"level":"info","message":"Receive from client3 to server","timestamp":"2017-07-11T11:49:44.460Z"}
{"msg":{"userId":444,"nameId":555},"level":"info","message":"Receive from client3 to server","timestamp":"2017-07-11T11:53:38.398Z"}
{"msg":{"userId":444,"nameId":555},"level":"info","message":"Receive from client3 to server","timestamp":"2017-07-11T11:53:54.579Z"}
{"msg":{"userId":444,"nameId":555},"level":"info","message":"Receive from client3 to server","timestamp":"2017-07-11T11:54:40.747Z"}
{"msg":{"userId":444,"nameId":555},"level":"info","message":"Receive from client3 to server","timestamp":"2017-07-11T11:56:05.951Z"}
{"msg":"{\"userId\":444,\"nameId\":555}","level":"info","message":"Hello created log files! from client 2 to server","timestamp":"2017-07-11T11:58:05.635Z"}
{"msg":"{\"userId\":444,\"nameId\":555}","level":"info","message":"Hello created log files! from client 2 to server","timestamp":"2017-07-11T12:00:13.370Z"}
{"msg":"{\"userId\":444,\"nameId\":555}","level":"info","message":"Hello created log files! from client 2 to server","timestamp":"2017-07-11T12:00:28.661Z"}
{"msg":"{\"userId\":444,\"nameId\":555}","level":"info","message":"Hello created log files! from client 2 to server","timestamp":"2017-07-11T12:01:19.399Z"}
{"msg":"{\"userId\":444,\"nameId\":555}","level":"info","message":"Hello created log files! from client 2 to server","timestamp":"2017-07-11T12:01:59.643Z"}
{"msg":"{\"userId\":444,\"nameId\":555}","level":"info","message":"Hello created log files! from client 2 to server","timestamp":"2017-07-11T12:02:18.894Z"}
{"msg":"{\"userId\":444,\"nameId\":555}","level":"info","message":"Hello created log files! from client 2 to server","timestamp":"2017-07-11T12:02:55.438Z"}
{"msg":"{\"userId\":444,\"nameId\":555}","level":"info","message":"Hello created log files! from client 2 to server","timestamp":"2017-07-11T12:03:08.128Z"}
{"msg":"{\"userId\":444,\"nameId\":555}","level":"info","message":"Hello created log files! from client 2 to server","timestamp":"2017-07-11T12:04:20.193Z"}
{"msg":"{\"userId\":444,\"nameId\":555}","level":"info","message":"Hello created log files! from client 2 to server","timestamp":"2017-07-11T12:05:02.350Z"}
{"msg":"{\"userId\":444,\"nameId\":555}","level":"info","message":"Hello created log files! from client 2 to server","timestamp":"2017-07-11T12:05:44.043Z"}
{"msg":"{\"userId\":444,\"nameId\":555}","level":"info","message":"Hello created log files! from client 2 to server","timestamp":"2017-07-11T12:06:27.161Z"}
{"msg":"{\"userId\":444,\"nameId\":555}","level":"info","message":"Hello created log files! from client 2 to server","timestamp":"2017-07-11T12:07:50.089Z"}
{"msg":"{\"userId\":444,\"nameId\":555}","level":"info","message":"Hello created log files! from client 2 to server","timestamp":"2017-07-11T12:08:04.354Z"}
{"msg":"{\"userId\":444,\"nameId\":555}","level":"info","message":"Hello created log files! from client 2 to server","timestamp":"2017-07-11T12:10:14.058Z"}
{"msg":"{\"userId\":444,\"nameId\":555}","level":"info","message":"Hello created log files! from client 2 to server","timestamp":"2017-07-11T12:12:42.424Z"}
{"msg":"{\"userId\":444,\"nameId\":555}","level":"info","message":"Hello created log files! from client 2 to server","timestamp":"2017-07-11T12:12:59.016Z"}
{"msg":"{\"userId\":444,\"nameId\":555}","level":"info","message":"Hello created log files! from client 2 to server","timestamp":"2017-07-11T12:14:11.239Z"}
{"msg":"{\"userId\":444,\"nameId\":555}","level":"info","message":"Hello created log files! from client 2 to server","timestamp":"2017-07-11T12:16:16.479Z"}
{"msg":"{\"userId\":444,\"nameId\":555}","level":"info","message":"Hello created log files! from client 2 to server","timestamp":"2017-07-11T12:32:51.042Z"}
{"msg":"{\"userId\":444,\"nameId\":555}","level":"info","message":"Hello created log files! from client 2 to server","timestamp":"2017-07-11T14:29:12.994Z"}
{"msg":"{\"userId\":444,\"nameId\":555}","level":"info","message":"Hello created log files! from client 2 to server","timestamp":"2017-07-11T14:30:40.184Z"}
{"msg":"{\"userId\":444,\"nameId\":555}","level":"info","message":"Hello created log files! from client 2 to server","timestamp":"2017-07-11T14:33:26.255Z"}
{"msg":"{\"userId\":444,\"nameId\":555}","level":"info","message":"Hello created log files! from client 2 to server","timestamp":"2017-07-11T14:34:31.474Z"}
{"level":"info","message":"data cannot be save","timestamp":"2017-07-11T14:36:15.516Z"}
{"level":"info","message":"data cannot be save","timestamp":"2017-07-11T14:44:30.474Z"}
{"level":"info","message":"data cannot be save","timestamp":"2017-07-12T10:37:49.418Z"}
{"level":"info","message":"data cannot be save","timestamp":"2017-07-12T11:30:42.329Z"}
{"level":"info","message":"data cannot be save","timestamp":"2017-07-12T11:40:34.104Z"}
{"level":"info","message":"data cannot be save","timestamp":"2017-07-12T11:41:05.733Z"}
{"msg":"{\"userId\":2222,\"nameId\":1111}","level":"info","message":"Hello created log files! from client 2 to server","timestamp":"2017-07-12T11:45:53.787Z"}
{"level":"info","message":"data cannot be save","timestamp":"2017-07-12T11:47:29.273Z"}
{"level":"info","message":"data cannot be save","timestamp":"2017-07-12T11:48:12.180Z"}
{"level":"info","message":"data cannot be save","timestamp":"2017-07-12T11:49:04.367Z"}
{"msg":"{\"userId\":2222,\"nameId\":1111}","level":"info","message":"Hello created log files! from client 2 to server","timestamp":"2017-07-12T11:50:28.063Z"}
{"msg":"{\"userId\":2222,\"nameId\":1111}","level":"info","message":"Hello created log files! from client 2 to server","timestamp":"2017-07-12T11:51:24.962Z"}
{"msg":"{\"userId\":2222,\"nameId\":1111}","level":"info","message":"Hello created log files! from client 2 to server","timestamp":"2017-07-12T11:51:31.960Z"}
{"msg":"{\"userId\":44672,\"nameId\":1555111}","level":"info","message":"Hello created log files! from client 2 to server","timestamp":"2017-07-12T11:52:22.910Z"}
{"msg":"{\"userId\":44672,\"nameId\":1555111}","level":"info","message":"Hello created log files! from client 2 to server","timestamp":"2017-07-12T11:52:37.091Z"}
{"msg":"{\"userId\":44672,\"nameId\":1555111}","level":"info","message":"Hello created log files! from client 2 to server","timestamp":"2017-07-12T11:53:12.317Z"}
{"msg":"{\"userId\":44672,\"nameId\":1555111}","level":"info","message":"Hello created log files! from client 2 to server","timestamp":"2017-07-12T11:53:28.903Z"}
{"msg":"{\"userId\":44672,\"nameId\":1555111}","level":"info","message":"Hello created log files! from client 2 to server","timestamp":"2017-07-12T11:54:13.402Z"}
{"msg":"{\"userId\":44672,\"nameId\":1555111}","level":"info","message":"Hello created log files! from client 2 to server","timestamp":"2017-07-12T11:55:03.192Z"}
{"level":"info","message":"data cannot be save","timestamp":"2017-07-12T11:55:15.078Z"}
{"msg":"{\"userId\":44672,\"nameId\":1555111}","level":"info","message":"Hello created log files! from client 2 to server","timestamp":"2017-07-12T11:57:00.774Z"}
{"msg":"{\"userId\":44672,\"nameId\":1555111}","level":"info","message":"Hello created log files! from client 2 to server","timestamp":"2017-07-12T12:01:04.176Z"}
{"level":"info","message":"data cannot be save","timestamp":"2017-07-12T12:06:46.060Z"}
{"level":"info","message":"data cannot be save","timestamp":"2017-07-12T12:06:55.329Z"}
{"msg":"{\"userId\":44672,\"nameId\":1555111}","level":"info","message":"Hello created log files! from client 2 to server","timestamp":"2017-07-12T12:08:40.602Z"}
{"msg":"{\"userId\":44672,\"nameId\":1555111}","level":"info","message":"Hello created log files! from client 2 to server","timestamp":"2017-07-12T12:14:50.118Z"}
{"msg":"{\"userId\":44672,\"nameId\":1555111}","level":"info","message":"Hello created log files! from client 2 to server","timestamp":"2017-07-12T12:19:19.578Z"}
{"level":"info","message":"data cannot be save","timestamp":"2017-07-12T12:22:05.974Z"}
{"msg":"{\"userId\":44672,\"nameId\":1555111}","level":"info","message":"Hello created log files! from client 2 to server","timestamp":"2017-07-12T12:22:37.490Z"}
{"msg":"{\"userId\":44672,\"nameId\":1555111}","level":"info","message":"Hello created log files! from client 2 to server","timestamp":"2017-07-12T12:24:06.821Z"}
{"level":"info","message":"data cannot be save","timestamp":"2017-07-12T12:27:44.770Z"}
{"level":"info","message":"data cannot be save","timestamp":"2017-07-12T12:27:56.996Z"}
{"level":"info","message":"data cannot be save","timestamp":"2017-07-12T12:28:03.777Z"}
{"level":"info","message":"data cannot be save","timestamp":"2017-07-12T12:28:24.015Z"}
{"level":"info","message":"data cannot be save","timestamp":"2017-07-12T12:34:39.698Z"}
{"level":"info","message":"data cannot be save","timestamp":"2017-07-12T12:35:00.822Z"}
{"level":"info","message":"data cannot be save","timestamp":"2017-07-12T12:36:08.918Z"}
{"level":"info","message":"data cannot be save","timestamp":"2017-07-12T12:40:13.225Z"}
{"msg":{"userId":4,"nameId":11},"level":"info","message":"Hello created log files! from client 2 to server","timestamp":"2017-07-12T12:45:00.330Z"}
{"msg":{"userId":4,"nameId":11},"level":"info","message":"Hello created log files! from client 2 to server","timestamp":"2017-07-12T12:45:26.046Z"}
{"msg":{"userId":4,"nameId":11},"level":"info","message":"Hello created log files! from client 2 to server","timestamp":"2017-07-12T12:48:32.405Z"}
{"level":"info","message":"data cannot be save","timestamp":"2017-07-12T12:48:32.408Z"}
{"msg":{"userId":4,"nameId":11},"level":"info","message":"Hello created log files! from client 2 to server","timestamp":"2017-07-12T12:49:37.738Z"}
{"level":"info","message":"data cannot be save","timestamp":"2017-07-12T12:49:37.742Z"}
{"msg":{"userId":4,"nameId":11},"level":"info","message":"Hello created log files! from client 2 to server","timestamp":"2017-07-12T12:49:49.920Z"}
{"level":"info","message":"data cannot be save","timestamp":"2017-07-12T12:49:49.923Z"}
{"msg":{"userId":4,"nameId":11},"level":"info","message":"Hello created log files! from client 2 to server","timestamp":"2017-07-12T12:52:06.223Z"}
{"level":"info","message":"data cannot be save","timestamp":"2017-07-12T12:52:06.228Z"}
{"msg":{"userId":4,"nameId":11},"level":"info","message":"Hello created log files! from client 2 to server","timestamp":"2017-07-12T12:53:39.111Z"}
{"level":"info","message":"data cannot be save","timestamp":"2017-07-12T12:53:39.114Z"}
{"msg":{"userId":4,"nameId":11},"level":"info","message":"Hello created log files! from client 2 to server","timestamp":"2017-07-12T12:54:22.485Z"}
{"level":"info","message":"data cannot be save","timestamp":"2017-07-12T12:54:22.488Z"}
{"msg":{"userId":4,"nameId":11},"level":"info","message":"Hello created log files! from client 2 to server","timestamp":"2017-07-12T12:54:29.040Z"}
{"level":"info","message":"data cannot be save","timestamp":"2017-07-12T12:54:29.043Z"}
{"msg":{"userId":4,"nameId":11},"level":"info","message":"Hello created log files! from client 2 to server","timestamp":"2017-07-12T12:55:52.019Z"}
{"level":"info","message":"data cannot be save","timestamp":"2017-07-12T12:55:52.024Z"}
{"msg":{"userId":4,"nameId":11},"level":"info","message":"Hello created log files! from client 2 to server","timestamp":"2017-07-12T12:56:28.973Z"}
{"level":"info","message":"data cannot be save","timestamp":"2017-07-12T12:56:28.978Z"}
{"msg":{"userId":4,"nameId":11},"level":"info","message":"Hello created log files! from client 2 to server","timestamp":"2017-07-12T12:58:43.759Z"}
{"level":"info","message":"data cannot be save","timestamp":"2017-07-12T12:58:43.762Z"}
{"msg":{"userId":4,"nameId":11},"level":"info","message":"Hello created log files! from client 2 to server","timestamp":"2017-07-12T13:02:39.642Z"}
{"level":"info","message":"data cannot be save","timestamp":"2017-07-12T13:02:39.647Z"}
{"msg":{"userId":4,"nameId":11},"level":"info","message":"Hello created log files! from client 2 to server","timestamp":"2017-07-12T13:04:46.653Z"}
{"level":"info","message":"data cannot be save","timestamp":"2017-07-12T13:04:46.656Z"}
{"msg":{"userId":4,"nameId":11},"level":"info","message":"Hello created log files! from client 2 to server","timestamp":"2017-07-12T13:07:24.661Z"}
{"level":"info","message":"data cannot be save","timestamp":"2017-07-12T13:07:24.664Z"}
{"msg":{"userId":4,"nameId":11},"level":"info","message":"Hello created log files! from client 2 to server","timestamp":"2017-07-12T13:08:04.295Z"}
{"level":"info","message":"data cannot be save","timestamp":"2017-07-12T13:08:04.297Z"}
{"msg":{"userId":4,"nameId":11},"level":"info","message":"Hello created log files! from client 2 to server","timestamp":"2017-07-12T13:08:09.127Z"}
{"level":"info","message":"data cannot be save","timestamp":"2017-07-12T13:08:09.129Z"}
{"msg":{"userId":4,"nameId":11},"level":"info","message":"Hello created log files! from client 2 to server","timestamp":"2017-07-12T13:09:09.342Z"}
{"level":"info","message":"data cannot be save","timestamp":"2017-07-12T13:09:09.345Z"}
{"msg":{"userId":4,"nameId":11},"level":"info","message":"Hello created log files! from client 2 to server","timestamp":"2017-07-12T13:09:32.828Z"}
{"level":"info","message":"data cannot be save","timestamp":"2017-07-12T13:09:32.833Z"}
{"msg":{"userId":4,"nameId":11},"level":"info","message":"Hello created log files! from client 2 to server","timestamp":"2017-07-12T13:12:34.564Z"}
{"level":"info","message":"data cannot be save","timestamp":"2017-07-12T13:12:34.567Z"}
{"msg":{"userId":4,"nameId":11},"level":"info","message":"Hello created log files! from client 2 to server","timestamp":"2017-07-12T13:12:59.097Z"}
{"level":"info","message":"data cannot be save","timestamp":"2017-07-12T13:12:59.100Z"}
{"msg":{"userId":4,"nameId":11},"level":"info","message":"Hello created log files! from client 2 to server","timestamp":"2017-07-12T13:18:34.138Z"}
{"level":"info","message":"data cannot be save","timestamp":"2017-07-12T13:18:34.142Z"}
{"msg":{"userId":4,"nameId":11},"level":"info","message":"Hello created log files! from client 2 to server","timestamp":"2017-07-12T13:19:41.486Z"}
{"level":"info","message":"data cannot be save","timestamp":"2017-07-12T13:19:41.487Z"}
{"msg":{"userId":4,"nameId":11},"level":"info","message":"Hello created log files! from client 2 to server","timestamp":"2017-07-12T13:24:49.893Z"}
{"level":"info","message":"data cannot be save","timestamp":"2017-07-12T13:24:49.897Z"}
{"msg":{"userId":4,"nameId":11},"level":"info","message":"Hello created log files! from client 2 to server","timestamp":"2017-07-12T13:25:47.965Z"}
{"level":"info","message":"data cannot be save","timestamp":"2017-07-12T13:25:47.971Z"}
{"msg":{"userId":4,"nameId":11},"level":"info","message":"Hello created log files! from client 2 to server","timestamp":"2017-07-12T13:27:13.509Z"}
{"level":"info","message":"data cannot be save","timestamp":"2017-07-12T13:27:13.515Z"}
{"level":"info","message":"data cannot be save","timestamp":"2017-07-12T13:28:38.446Z"}
{"level":"info","message":"data cannot be save","timestamp":"2017-07-12T13:28:42.566Z"}
{"level":"info","message":"data cannot be save","timestamp":"2017-07-12T13:29:20.177Z"}
{"level":"info","message":"data cannot be save","timestamp":"2017-07-12T13:29:49.818Z"}
{"msg":{"userId":422,"nameId":11},"level":"info","message":"Hello created log files! from client 2 to server","timestamp":"2017-07-12T13:33:50.151Z"}
{"msg":"{\"userId\":4,\"nameId\":11}","level":"info","message":"Hello created log files! from client 2 to server","timestamp":"2017-07-12T13:55:58.883Z"}
{"msg":"{\"userId\":4,\"nameId\":11}","level":"info","message":"Hello created log files! from client 2 to server","timestamp":"2017-07-12T14:05:38.139Z"}
{"msg":"{\"userId\":4,\"nameId\":11}","level":"info","message":"Hello created log files! from client 2 to server","timestamp":"2017-07-12T14:06:46.146Z"}
{"msg":"{\"userId\":4,\"nameId\":11}","level":"info","message":"Hello created log files! from client 2 to server","timestamp":"2017-07-12T14:08:22.090Z"}
{"msg":"{\"userId\":4,\"nameId\":11}","level":"info","message":"Hello created log files! from client 2 to server","timestamp":"2017-07-12T14:08:44.830Z"}
{"msg":"{\"userId\":4,\"nameId\":11}","level":"info","message":"Hello created log files! from client 2 to server","timestamp":"2017-07-12T14:08:53.103Z"}
{"msg":"{\"userId\":4,\"nameId\":11}","level":"info","message":"Hello created log files! from client 2 to server","timestamp":"2017-07-12T14:09:06.417Z"}
{"msg":"{\"userId\":4,\"nameId\":11}","level":"info","message":"Hello created log files! from client 2 to server","timestamp":"2017-07-12T14:09:58.999Z"}
{"msg":"{\"userId\":4,\"nameId\":11}","level":"info","message":"Hello created log files! from client 2 to server","timestamp":"2017-07-12T14:10:17.528Z"}
{"msg":"{\"userId\":4,\"nameId\":11}","level":"info","message":"Hello created log files! from client 2 to server","timestamp":"2017-07-12T14:10:23.854Z"}
{"msg":{"userId":233,"nameId":23},"level":"info","message":"Hello created log files! from client 2 to server","timestamp":"2017-07-12T14:11:08.795Z"}
{"msg":{"userId":233,"nameId":23},"level":"info","message":"Hello created log files! from client 2 to server","timestamp":"2017-07-12T14:12:20.689Z"}
{"msg":{"userId":233,"nameId":23},"level":"info","message":"Hello created log files! from client 2 to server","timestamp":"2017-07-12T14:13:16.715Z"}
{"msg":"{\"userId\":233,\"nameId\":23}","level":"info","message":"Hello created log files! from client 2 to server","timestamp":"2017-07-12T14:15:29.009Z"}
{"level":"info","message":"data cannot be save","timestamp":"2017-07-12T14:16:53.664Z"}
{"level":"info","message":"data cannot be save","timestamp":"2017-07-12T14:17:16.394Z"}
{"msg":"{\"userId\":23322,\"nameId\":23}","level":"info","message":"Hello created log files! from client 2 to server","timestamp":"2017-07-12T14:17:46.082Z"}
{"level":"info","message":"data cannot be save","timestamp":"2017-07-12T14:19:31.866Z"}
{"msg":"{\"userId\":2332555555,\"nameId\":23}","level":"info","message":"Hello created log files! from client 2 to server","timestamp":"2017-07-12T14:19:54.916Z"}
{"level":"info","message":"data cannot be save","timestamp":"2017-07-12T14:21:50.677Z"}
{"level":"info","message":"data cannot be save","timestamp":"2017-07-12T14:23:01.318Z"}
{"level":"info","message":"data cannot be save","timestamp":"2017-07-12T14:25:30.958Z"}
{"level":"info","message":"data cannot be save","timestamp":"2017-07-12T14:27:49.933Z"}
{"level":"info","message":"data cannot be save","timestamp":"2017-07-12T14:28:50.098Z"}
{"level":"info","message":"data cannot be save","timestamp":"2017-07-12T14:29:17.905Z"}
{"level":"info","message":"data cannot be save","timestamp":"2017-07-12T14:29:27.607Z"}
{"level":"info","message":"data cannot be save","timestamp":"2017-07-12T14:32:14.939Z"}
{"level":"info","message":"data cannot be save","timestamp":"2017-07-12T14:34:15.948Z"}
{"level":"info","message":"data cannot be save","timestamp":"2017-07-12T15:01:37.324Z"}
{"level":"info","message":"data cannot be save","timestamp":"2017-07-13T14:26:53.205Z"}
{"level":"info","message":"data cannot be save","timestamp":"2017-07-13T14:27:08.446Z"}
{"level":"info","message":"data cannot be save","timestamp":"2017-07-13T14:31:05.796Z"}
{"level":"info","message":"data cannot be save","timestamp":"2017-07-13T14:31:48.467Z"}
{"level":"info","message":"data cannot be save","timestamp":"2017-07-13T14:33:06.190Z"}
{"level":"info","message":"data cannot be save","timestamp":"2017-07-13T14:34:14.800Z"}
{"level":"info","message":"data cannot be save","timestamp":"2017-07-13T14:37:04.766Z"}
{"level":"info","message":"data cannot be save","timestamp":"2017-07-13T14:37:45.177Z"}
{"level":"info","message":"data cannot be save","timestamp":"2017-07-13T14:38:37.534Z"}
{"level":"info","message":"data cannot be save","timestamp":"2017-07-13T14:40:28.606Z"}
{"level":"info","message":"data cannot be save","timestamp":"2017-07-13T14:41:12.649Z"}
{"level":"info","message":"data cannot be save","timestamp":"2017-07-13T14:42:53.528Z"}
{"level":"info","message":"data cannot be save","timestamp":"2017-07-13T14:42:59.684Z"}
{"level":"info","message":"data cannot be save","timestamp":"2017-07-13T14:43:33.129Z"}
{"level":"info","message":"data cannot be save","timestamp":"2017-07-13T14:43:45.874Z"}
{"level":"info","message":"data cannot be save","timestamp":"2017-07-13T14:44:05.824Z"}
{"level":"info","message":"data cannot be save","timestamp":"2017-07-13T14:45:08.242Z"}
{"level":"info","message":"data cannot be save","timestamp":"2017-07-13T14:46:04.638Z"}
{"level":"info","message":"data cannot be save","timestamp":"2017-07-13T14:51:50.265Z"}
{"level":"info","message":"data cannot be save","timestamp":"2017-07-13T14:52:03.966Z"}
{"level":"info","message":"data cannot be save","timestamp":"2017-07-13T14:52:31.704Z"}
{"level":"info","message":"data cannot be save","timestamp":"2017-07-13T14:53:00.263Z"}
{"level":"info","message":"data cannot be save","timestamp":"2017-07-13T14:53:12.389Z"}
{"level":"info","message":"data cannot be save","timestamp":"2017-07-13T14:53:56.266Z"}
{"level":"info","message":"data cannot be save","timestamp":"2017-07-13T14:54:45.866Z"}
{"level":"info","message":"data cannot be save","timestamp":"2017-07-13T14:55:50.118Z"}
{"level":"info","message":"data cannot be save","timestamp":"2017-07-13T14:56:43.589Z"}
{"level":"info","message":"data cannot be save","timestamp":"2017-07-13T14:56:52.070Z"}
{"level":"info","message":"data cannot be save","timestamp":"2017-07-13T14:57:19.290Z"}
{"level":"info","message":"data cannot be save","timestamp":"2017-07-13T14:58:02.363Z"}
{"level":"info","message":"data cannot be save","timestamp":"2017-07-13T15:00:31.865Z"}
{"level":"info","message":"data cannot be save","timestamp":"2017-07-13T15:00:55.441Z"}
{"level":"info","message":"data cannot be save","timestamp":"2017-07-13T15:02:12.325Z"}
{"level":"info","message":"data cannot be save","timestamp":"2017-07-13T15:03:39.932Z"}
{"level":"info","message":"data cannot be save","timestamp":"2017-07-13T15:04:48.473Z"}
{"level":"info","message":"data cannot be save","timestamp":"2017-07-13T15:05:07.906Z"}
{"level":"info","message":"data cannot be save","timestamp":"2017-07-13T15:10:33.891Z"}
{"level":"info","message":"data cannot be save","timestamp":"2017-07-13T15:11:07.635Z"}
{"level":"info","message":"data cannot be save","timestamp":"2017-07-14T07:12:18.199Z"}
{"level":"info","message":"data cannot be save","timestamp":"2017-07-14T07:16:24.605Z"}
{"level":"info","message":"data cannot be save","timestamp":"2017-07-14T07:17:10.688Z"}
{"level":"info","message":"data cannot be save","timestamp":"2017-07-14T07:17:43.365Z"}
{"level":"error","message":"Data is no Equel","timestamp":"2017-07-14T14:21:10.252Z"}
{"level":"error","message":"Data is no Equel","timestamp":"2017-07-17T07:17:47.238Z"}
{"level":"error","message":"Data is no Equel","timestamp":"2017-07-17T07:18:48.676Z"}
{"level":"error","message":"Data is no Equel","timestamp":"2017-07-24T08:52:38.651Z"}
{"level":"error","message":"Data is no Equel","timestamp":"2017-07-24T10:55:16.375Z"}
{"level":"error","message":"Data is no Equel","timestamp":"2017-07-24T11:04:35.473Z"}
{"level":"error","message":"Data is no Equel","timestamp":"2017-07-24T11:15:13.431Z"}
{"level":"error","message":"Data is no Equel","timestamp":"2017-07-24T11:18:06.599Z"}
{"level":"error","message":"Data is no Equel","timestamp":"2017-07-24T11:18:54.577Z"}
{"level":"error","message":"Data is no Equel","timestamp":"2017-07-24T11:34:32.729Z"}
{"level":"info","message":"I will emit the data to client 3","timestamp":"2017-07-24T11:38:34.047Z"}
{"level":"error","message":"Data is no Equel","timestamp":"2017-07-24T11:43:52.928Z"}
{"level":"error","message":"Data is no Equel","timestamp":"2017-07-24T11:47:38.165Z"}
{"level":"error","message":"Data is no Equel","timestamp":"2017-07-24T11:48:23.441Z"}
{"level":"error","message":"Data is no Equel","timestamp":"2017-07-24T11:49:56.784Z"}
{"level":"error","message":"Data is no Equel","timestamp":"2017-07-24T11:51:10.613Z"}
{"level":"error","message":"Data is no Equel","timestamp":"2017-07-24T11:51:47.680Z"}
{"level":"error","message":"Data is no Equel","timestamp":"2017-07-24T11:53:03.539Z"}
{"level":"error","message":"Data is no Equel","timestamp":"2017-07-24T11:53:26.871Z"}
{"level":"error","message":"Data is no Equel","timestamp":"2017-07-24T11:53:56.289Z"}
{"level":"error","message":"Data is no Equel","timestamp":"2017-07-24T11:54:16.040Z"}
{"level":"error","message":"Data is no Equel","timestamp":"2017-07-24T11:54:41.324Z"}
{"level":"error","message":"Data is no Equel","timestamp":"2017-07-24T11:55:22.905Z"}
{"level":"error","message":"Data is no Equel","timestamp":"2017-07-24T11:56:40.622Z"}
{"level":"error","message":"Data is no Equel","timestamp":"2017-07-24T11:57:27.349Z"}
{"level":"info","message":"I will emit the data to client 3","timestamp":"2017-07-24T12:11:33.775Z"}
{"level":"error","message":"Data is no Equel","timestamp":"2017-07-25T08:25:39.877Z"}
{"level":"error","message":"Data is no Equel","timestamp":"2017-07-25T08:25:59.174Z"}
{"level":"error","message":"Data is no Equel","timestamp":"2017-07-25T08:31:54.263Z"}
{"level":"info","message":"I will emit the data to client 3","timestamp":"2017-07-25T08:33:21.917Z"}
{"level":"info","message":"I will emit the data to client 3","timestamp":"2017-07-25T08:36:31.648Z"}
{"level":"info","message":"I will emit the data to client 3","timestamp":"2017-07-26T08:30:16.869Z"}
{"level":"info","message":"I will emit the data to client 3","timestamp":"2017-07-26T08:36:18.282Z"}
{"level":"info","message":"I will emit the data to client 3","timestamp":"2017-07-26T08:37:25.393Z"}
{"level":"info","message":"I will emit the data to client 3","timestamp":"2017-07-26T08:40:44.439Z"}
{"level":"info","message":"I will emit the data to client 3","timestamp":"2017-07-26T08:42:23.174Z"}
{"level":"info","message":"I will emit the data to client 3","timestamp":"2017-07-26T08:43:04.063Z"}
{"level":"info","message":"I will emit the data to client 3","timestamp":"2017-07-26T08:44:10.109Z"}
{"level":"info","message":"I will emit the data to client 3","timestamp":"2017-07-26T08:46:32.870Z"}
{"level":"info","message":"I will emit the data to client 3","timestamp":"2017-07-26T08:49:51.096Z"}
{"level":"info","message":"I will emit the data to client 3","timestamp":"2017-07-26T08:50:07.038Z"}
{"level":"info","message":"I will emit the data to client 3","timestamp":"2017-07-26T08:50:35.274Z"}
{"level":"info","message":"I will emit the data to client 3","timestamp":"2017-07-26T08:51:33.526Z"}
{"level":"info","message":"I will emit the data to client 3","timestamp":"2017-07-26T08:54:39.389Z"}
{"level":"info","message":"I will emit the data to client 3","timestamp":"2017-07-26T08:54:53.683Z"}
{"level":"info","message":"I will emit the data to client 3","timestamp":"2017-07-26T08:55:52.920Z"}
{"level":"info","message":"I will emit the data to client 3","timestamp":"2017-07-26T10:59:00.438Z"}
{"level":"info","message":"I will emit the data to client 3","timestamp":"2017-07-26T10:59:23.841Z"}
{"level":"info","message":"I will emit the data to client 3","timestamp":"2017-07-26T11:00:27.365Z"}
{"level":"info","message":"I will emit the data to client 3","timestamp":"2017-07-31T08:14:02.087Z"}
